<?xml version="1.0" encoding="UTF-8"?>
<testsuites name="HE_LoginSuite" time="204" tests="1" failures="1" errors="0">
   <testsuite name="HE_LoginSuite" tests="1" failures="1" errors="0" time="204" timestamp="2018-12-03 21:59:49" hostname="admin - DESKTOP-FJO92VH" id="Test Suites/HE_LoginSuite">
      <properties>
         <property name="deviceName" value=""/>
         <property name="devicePlatform" value=""/>
         <property name="logFolder" value="C:\\Users\\admin\\Katalon Studio\\HeliumAutomationProject\\Reports\\HE_LoginSuite\\20181203_215942"/>
         <property name="logFiles" value="C:\\Users\\admin\\Katalon Studio\\HeliumAutomationProject\\Reports\\HE_LoginSuite\\20181203_215942\\execution0.log"/>
         <property name="attachments" value="C:\\Users\\admin\\Katalon Studio\\HeliumAutomationProject\\Reports\\HE_LoginSuite\\20181203_215942\\1543854753022.png, C:\\Users\\admin\\Katalon Studio\\HeliumAutomationProject\\Reports\\HE_LoginSuite\\20181203_215942\\1543854753578.png, C:\\Users\\admin\\Katalon Studio\\HeliumAutomationProject\\Reports\\HE_LoginSuite\\20181203_215942\\1543854791269.png"/>
         <property name="hostName" value="admin - DESKTOP-FJO92VH"/>
         <property name="os" value="Windows 10 64bit"/>
         <property name="katalonVersion" value="5.9.0.1"/>
         <property name="browser" value="Chrome 70.0.3538.110"/>
         <property name="hostAddress" value="192.168.43.142"/>
         <property name="sessionId" value="92375f4940ccd97a8cdd2654b0bf0d88"/>
         <property name="seleniumVersion" value="3.7.1"/>
         <property name="proxyInformation" value="ProxyInformation{proxyOption=NO_PROXY, proxyServerType=HTTP, password=, proxyServerAddress=, proxyServerPort=0}"/>
         <property name="platform" value="Windows 10"/>
      </properties>
      <testcase name="Test Cases/HeliumEdge_Login/HEL_001" classname="Test Cases/HeliumEdge_Login/HEL_001" status="PASSED">
         <system-out><![CDATA[2018-12-03 21:59:50 - [TEST_CASE][PASSED] - Test Cases/HeliumEdge_Login/HEL_001: Test Cases/HeliumEdge_Login/HEL_001

2018-12-03 21:59:51 - [TEST_STEP][PASSED] - openBrowser(""): Browser is opened with url: ''

2018-12-03 21:59:53 - [MESSAGE][INFO] - Starting 'Chrome' driver

2018-12-03 21:59:53 - [MESSAGE][INFO] - Action delay is set to 0 seconds

2018-12-03 22:00:00 - [MESSAGE][PASSED] - Browser is opened with url: ''

2018-12-03 22:00:00 - [TEST_STEP][PASSED] - maximizeWindow(): Current window maximized

2018-12-03 22:00:01 - [MESSAGE][PASSED] - Current window maximized

2018-12-03 22:00:01 - [TEST_STEP][PASSED] - navigateToUrl(HeliumURL): Navigate to 'http://qa.heliumats.com/#/login' successfully

2018-12-03 22:00:16 - [MESSAGE][PASSED] - Navigate to 'http://qa.heliumats.com/#/login' successfully

2018-12-03 22:00:16 - [TEST_STEP][PASSED] - delay(3): Delayed 3 second(s)

2018-12-03 22:00:19 - [MESSAGE][PASSED] - Delayed 3 second(s)

2018-12-03 22:00:19 - [TEST_STEP][PASSED] - setText(findTestObject("Object Repository/HeliumEdgeLogin/Email"), "bharatpatel@heliumedge.com"): Text 'bharatpatel@heliumedge.com' is set on object 'Object Repository/HeliumEdgeLogin/Email'

2018-12-03 22:00:20 - [MESSAGE][PASSED] - Text 'bharatpatel@heliumedge.com' is set on object 'Object Repository/HeliumEdgeLogin/Email'

2018-12-03 22:00:20 - [TEST_STEP][PASSED] - delay(2): Delayed 2 second(s)

2018-12-03 22:00:22 - [MESSAGE][PASSED] - Delayed 2 second(s)

2018-12-03 22:00:22 - [TEST_STEP][PASSED] - setEncryptedText(findTestObject("Object Repository/HeliumEdgeLogin/Password"), "5aLQ3jby8vDK+DxezdXnZw=="): Text ****** has been set on object 'Object Repository/HeliumEdgeLogin/Password'

2018-12-03 22:00:23 - [MESSAGE][PASSED] - Text ****** has been set on object 'Object Repository/HeliumEdgeLogin/Password'

2018-12-03 22:00:23 - [TEST_STEP][PASSED] - delay(2): Delayed 2 second(s)

2018-12-03 22:00:25 - [MESSAGE][PASSED] - Delayed 2 second(s)

2018-12-03 22:00:25 - [TEST_STEP][PASSED] - click(findTestObject("Object Repository/HeliumEdgeLogin/LoginButton")): Object: 'Object Repository/HeliumEdgeLogin/LoginButton' is clicked on

2018-12-03 22:00:25 - [MESSAGE][PASSED] - Object: 'Object Repository/HeliumEdgeLogin/LoginButton' is clicked on

2018-12-03 22:00:25 - [TEST_STEP][PASSED] - delay(4): Delayed 4 second(s)

2018-12-03 22:00:29 - [MESSAGE][PASSED] - Delayed 4 second(s)]]></system-out>
         <system-err><![CDATA[]]></system-err>
      </testcase>
      <testcase name="Test Cases/HeliumEdge_Login/HEL_002" classname="Test Cases/HeliumEdge_Login/HEL_002" status="FAILED">
         <failure type="FAILED" message="Test Cases/HeliumEdge_Login/HEL_002 FAILED.
Reason:
com.kms.katalon.core.exception.StepFailedException: Unable to click on object 'Object Repository/HeliumEdgeLogout/LogoutButton' (Root cause: com.kms.katalon.core.webui.exception.WebElementNotFoundException: Web element with id: 'Object Repository/HeliumEdgeLogout/LogoutButton' located by 'By.xpath: //div[@id='cdk-overlay-0']/div/div/button' not found)
	at com.kms.katalon.core.keyword.internal.KeywordMain.stepFailed(KeywordMain.groovy:36)
	at com.kms.katalon.core.webui.keyword.internal.WebUIKeywordMain.stepFailed(WebUIKeywordMain.groovy:65)
	at com.kms.katalon.core.webui.keyword.internal.WebUIKeywordMain.runKeyword(WebUIKeywordMain.groovy:27)
	at com.kms.katalon.core.webui.keyword.builtin.ClickKeyword.click(ClickKeyword.groovy:86)
	at com.kms.katalon.core.webui.keyword.builtin.ClickKeyword.execute(ClickKeyword.groovy:67)
	at com.kms.katalon.core.keyword.internal.KeywordExecutor.executeKeywordForPlatform(KeywordExecutor.groovy:53)
	at com.kms.katalon.core.webui.keyword.WebUiBuiltInKeywords.click(WebUiBuiltInKeywords.groovy:616)
	at com.kms.katalon.core.webui.keyword.WebUiBuiltInKeywords$click$4.call(Unknown Source)
	at HEL_002.run(HEL_002:69)
	at com.kms.katalon.core.main.ScriptEngine.run(ScriptEngine.java:194)
	at com.kms.katalon.core.main.ScriptEngine.runScriptAsRawText(ScriptEngine.java:119)
	at com.kms.katalon.core.main.TestCaseExecutor.runScript(TestCaseExecutor.java:321)
	at com.kms.katalon.core.main.TestCaseExecutor.doExecute(TestCaseExecutor.java:312)
	at com.kms.katalon.core.main.TestCaseExecutor.processExecutionPhase(TestCaseExecutor.java:291)
	at com.kms.katalon.core.main.TestCaseExecutor.accessMainPhase(TestCaseExecutor.java:283)
	at com.kms.katalon.core.main.TestCaseExecutor.execute(TestCaseExecutor.java:222)
	at com.kms.katalon.core.main.TestSuiteExecutor.accessTestCaseMainPhase(TestSuiteExecutor.java:129)
	at com.kms.katalon.core.main.TestSuiteExecutor.accessTestSuiteMainPhase(TestSuiteExecutor.java:112)
	at com.kms.katalon.core.main.TestSuiteExecutor.execute(TestSuiteExecutor.java:81)
	at com.kms.katalon.core.main.TestCaseMain.startTestSuite(TestCaseMain.java:149)
	at com.kms.katalon.core.main.TestCaseMain$startTestSuite$0.call(Unknown Source)
	at TempTestSuite1543854582686.run(TempTestSuite1543854582686.groovy:36)
"/>
         <system-out><![CDATA[2018-12-03 22:00:29 - [TEST_CASE][FAILED] - Test Cases/HeliumEdge_Login/HEL_002: Test Cases/HeliumEdge_Login/HEL_002 FAILED.
Reason:
com.kms.katalon.core.exception.StepFailedException: Unable to click on object 'Object Repository/HeliumEdgeLogout/LogoutButton' (Root cause: com.kms.katalon.core.webui.exception.WebElementNotFoundException: Web element with id: 'Object Repository/HeliumEdgeLogout/LogoutButton' located by 'By.xpath: //div[@id='cdk-overlay-0']/div/div/button' not found)
	at com.kms.katalon.core.keyword.internal.KeywordMain.stepFailed(KeywordMain.groovy:36)
	at com.kms.katalon.core.webui.keyword.internal.WebUIKeywordMain.stepFailed(WebUIKeywordMain.groovy:65)
	at com.kms.katalon.core.webui.keyword.internal.WebUIKeywordMain.runKeyword(WebUIKeywordMain.groovy:27)
	at com.kms.katalon.core.webui.keyword.builtin.ClickKeyword.click(ClickKeyword.groovy:86)
	at com.kms.katalon.core.webui.keyword.builtin.ClickKeyword.execute(ClickKeyword.groovy:67)
	at com.kms.katalon.core.keyword.internal.KeywordExecutor.executeKeywordForPlatform(KeywordExecutor.groovy:53)
	at com.kms.katalon.core.webui.keyword.WebUiBuiltInKeywords.click(WebUiBuiltInKeywords.groovy:616)
	at com.kms.katalon.core.webui.keyword.WebUiBuiltInKeywords$click$4.call(Unknown Source)
	at HEL_002.run(HEL_002:69)
	at com.kms.katalon.core.main.ScriptEngine.run(ScriptEngine.java:194)
	at com.kms.katalon.core.main.ScriptEngine.runScriptAsRawText(ScriptEngine.java:119)
	at com.kms.katalon.core.main.TestCaseExecutor.runScript(TestCaseExecutor.java:321)
	at com.kms.katalon.core.main.TestCaseExecutor.doExecute(TestCaseExecutor.java:312)
	at com.kms.katalon.core.main.TestCaseExecutor.processExecutionPhase(TestCaseExecutor.java:291)
	at com.kms.katalon.core.main.TestCaseExecutor.accessMainPhase(TestCaseExecutor.java:283)
	at com.kms.katalon.core.main.TestCaseExecutor.execute(TestCaseExecutor.java:222)
	at com.kms.katalon.core.main.TestSuiteExecutor.accessTestCaseMainPhase(TestSuiteExecutor.java:129)
	at com.kms.katalon.core.main.TestSuiteExecutor.accessTestSuiteMainPhase(TestSuiteExecutor.java:112)
	at com.kms.katalon.core.main.TestSuiteExecutor.execute(TestSuiteExecutor.java:81)
	at com.kms.katalon.core.main.TestCaseMain.startTestSuite(TestCaseMain.java:149)
	at com.kms.katalon.core.main.TestCaseMain$startTestSuite$0.call(Unknown Source)
	at TempTestSuite1543854582686.run(TempTestSuite1543854582686.groovy:36)


2018-12-03 22:00:31 - [TEST_STEP][PASSED] - openBrowser(""): Browser is opened with url: ''

2018-12-03 22:00:31 - [MESSAGE][WARNING] - A browser is already opened. Closing browser and opening a new one

2018-12-03 22:00:32 - [MESSAGE][INFO] - Starting 'Chrome' driver

2018-12-03 22:00:36 - [MESSAGE][PASSED] - Browser is opened with url: ''

2018-12-03 22:00:36 - [TEST_STEP][PASSED] - maximizeWindow(): Current window maximized

2018-12-03 22:00:37 - [MESSAGE][PASSED] - Current window maximized

2018-12-03 22:00:37 - [TEST_STEP][PASSED] - navigateToUrl(HeliumURL): Navigate to 'http://qa.heliumats.com/#/login' successfully

2018-12-03 22:01:01 - [MESSAGE][PASSED] - Navigate to 'http://qa.heliumats.com/#/login' successfully

2018-12-03 22:01:01 - [TEST_STEP][PASSED] - delay(3): Delayed 3 second(s)

2018-12-03 22:01:04 - [MESSAGE][PASSED] - Delayed 3 second(s)

2018-12-03 22:01:04 - [TEST_STEP][PASSED] - file = new java.io.FileInputStream(new java.io.File(internal.GlobalVariable.CredentialFile)): null

2018-12-03 22:01:04 - [TEST_STEP][PASSED] - workbook = new org.apache.poi.xssf.usermodel.XSSFWorkbook(file): null

2018-12-03 22:01:06 - [TEST_STEP][PASSED] - sheet = workbook.getSheetAt(0): null

2018-12-03 22:01:06 - [TEST_STEP][PASSED] - Rowcount = sheet.getLastRowNum(): null

2018-12-03 22:01:06 - [TEST_STEP][FAILED] - for ([row = 1, row <= Rowcount, (row++)]): for ([row = 1, row <= Rowcount, (row++)]) FAILED.
Reason:
com.kms.katalon.core.exception.StepFailedException: Unable to click on object 'Object Repository/HeliumEdgeLogout/LogoutButton' (Root cause: com.kms.katalon.core.webui.exception.WebElementNotFoundException: Web element with id: 'Object Repository/HeliumEdgeLogout/LogoutButton' located by 'By.xpath: //div[@id='cdk-overlay-0']/div/div/button' not found)
	at com.kms.katalon.core.keyword.internal.KeywordMain.stepFailed(KeywordMain.groovy:36)
	at com.kms.katalon.core.webui.keyword.internal.WebUIKeywordMain.stepFailed(WebUIKeywordMain.groovy:65)
	at com.kms.katalon.core.webui.keyword.internal.WebUIKeywordMain.runKeyword(WebUIKeywordMain.groovy:27)
	at com.kms.katalon.core.webui.keyword.builtin.ClickKeyword.click(ClickKeyword.groovy:86)
	at com.kms.katalon.core.webui.keyword.builtin.ClickKeyword.execute(ClickKeyword.groovy:67)
	at com.kms.katalon.core.keyword.internal.KeywordExecutor.executeKeywordForPlatform(KeywordExecutor.groovy:53)
	at com.kms.katalon.core.webui.keyword.WebUiBuiltInKeywords.click(WebUiBuiltInKeywords.groovy:616)
	at com.kms.katalon.core.webui.keyword.WebUiBuiltInKeywords$click$4.call(Unknown Source)
	at HEL_002.run(HEL_002:69)
	at com.kms.katalon.core.main.ScriptEngine.run(ScriptEngine.java:194)
	at com.kms.katalon.core.main.ScriptEngine.runScriptAsRawText(ScriptEngine.java:119)
	at com.kms.katalon.core.main.TestCaseExecutor.runScript(TestCaseExecutor.java:321)
	at com.kms.katalon.core.main.TestCaseExecutor.doExecute(TestCaseExecutor.java:312)
	at com.kms.katalon.core.main.TestCaseExecutor.processExecutionPhase(TestCaseExecutor.java:291)
	at com.kms.katalon.core.main.TestCaseExecutor.accessMainPhase(TestCaseExecutor.java:283)
	at com.kms.katalon.core.main.TestCaseExecutor.execute(TestCaseExecutor.java:222)
	at com.kms.katalon.core.main.TestSuiteExecutor.accessTestCaseMainPhase(TestSuiteExecutor.java:129)
	at com.kms.katalon.core.main.TestSuiteExecutor.accessTestSuiteMainPhase(TestSuiteExecutor.java:112)
	at com.kms.katalon.core.main.TestSuiteExecutor.execute(TestSuiteExecutor.java:81)
	at com.kms.katalon.core.main.TestCaseMain.startTestSuite(TestCaseMain.java:149)
	at com.kms.katalon.core.main.TestCaseMain$startTestSuite$0.call(Unknown Source)
	at TempTestSuite1543854582686.run(TempTestSuite1543854582686.groovy:36)


2018-12-03 22:01:06 - [TEST_STEP][PASSED] - Username = getStringCellValue().trim(): null

2018-12-03 22:01:06 - [TEST_STEP][PASSED] - setText(findTestObject("Object Repository/HeliumEdgeLogin/Email"), Username): Text 'invalidemail@heliumedge.com' is set on object 'Object Repository/HeliumEdgeLogin/Email'

2018-12-03 22:01:07 - [MESSAGE][PASSED] - Text 'invalidemail@heliumedge.com' is set on object 'Object Repository/HeliumEdgeLogin/Email'

2018-12-03 22:01:07 - [TEST_STEP][PASSED] - delay(3): Delayed 3 second(s)

2018-12-03 22:01:10 - [MESSAGE][PASSED] - Delayed 3 second(s)

2018-12-03 22:01:10 - [TEST_STEP][PASSED] - Password = getCell(1).getStringCellValue(): null

2018-12-03 22:01:10 - [TEST_STEP][PASSED] - setText(findTestObject("Object Repository/HeliumEdgeLogin/Password"), Password): Text 'akashshah' is set on object 'Object Repository/HeliumEdgeLogin/Password'

2018-12-03 22:01:10 - [MESSAGE][PASSED] - Text 'akashshah' is set on object 'Object Repository/HeliumEdgeLogin/Password'

2018-12-03 22:01:10 - [TEST_STEP][PASSED] - delay(3): Delayed 3 second(s)

2018-12-03 22:01:13 - [MESSAGE][PASSED] - Delayed 3 second(s)

2018-12-03 22:01:13 - [TEST_STEP][PASSED] - click(findTestObject("Object Repository/HeliumEdgeLogin/LoginButton")): Object: 'Object Repository/HeliumEdgeLogin/LoginButton' is clicked on

2018-12-03 22:01:14 - [MESSAGE][PASSED] - Object: 'Object Repository/HeliumEdgeLogin/LoginButton' is clicked on

2018-12-03 22:01:14 - [TEST_STEP][PASSED] - delay(6): Delayed 6 second(s)

2018-12-03 22:01:20 - [MESSAGE][PASSED] - Delayed 6 second(s)

2018-12-03 22:01:20 - [TEST_STEP][PASSED] - try: null

2018-12-03 22:01:20 - [TEST_STEP][PASSED] - ValidationMessage = getText(findTestObject("Object Repository/HeliumEdgeLoginValidation/LoginFailed")): Text of object 'Object Repository/HeliumEdgeLoginValidation/LoginFailed' is: 'Login Failed! Please check email and password'

2018-12-03 22:01:20 - [MESSAGE][PASSED] - Text of object 'Object Repository/HeliumEdgeLoginValidation/LoginFailed' is: 'Login Failed! Please check email and password'

2018-12-03 22:01:20 - [TEST_STEP][PASSED] - println(ValidationMessage): null

2018-12-03 22:01:20 - [TEST_STEP][PASSED] - Username = getStringCellValue().trim(): null

2018-12-03 22:01:20 - [TEST_STEP][PASSED] - setText(findTestObject("Object Repository/HeliumEdgeLogin/Email"), Username): Text 'bharatpatel@heliumedge.com' is set on object 'Object Repository/HeliumEdgeLogin/Email'

2018-12-03 22:01:21 - [MESSAGE][PASSED] - Text 'bharatpatel@heliumedge.com' is set on object 'Object Repository/HeliumEdgeLogin/Email'

2018-12-03 22:01:21 - [TEST_STEP][PASSED] - delay(3): Delayed 3 second(s)

2018-12-03 22:01:24 - [MESSAGE][PASSED] - Delayed 3 second(s)

2018-12-03 22:01:24 - [TEST_STEP][PASSED] - Password = getCell(1).getStringCellValue(): null

2018-12-03 22:01:24 - [TEST_STEP][PASSED] - setText(findTestObject("Object Repository/HeliumEdgeLogin/Password"), Password): Text 'invalidpassword' is set on object 'Object Repository/HeliumEdgeLogin/Password'

2018-12-03 22:01:25 - [MESSAGE][PASSED] - Text 'invalidpassword' is set on object 'Object Repository/HeliumEdgeLogin/Password'

2018-12-03 22:01:25 - [TEST_STEP][PASSED] - delay(3): Delayed 3 second(s)

2018-12-03 22:01:28 - [MESSAGE][PASSED] - Delayed 3 second(s)

2018-12-03 22:01:28 - [TEST_STEP][PASSED] - click(findTestObject("Object Repository/HeliumEdgeLogin/LoginButton")): Object: 'Object Repository/HeliumEdgeLogin/LoginButton' is clicked on

2018-12-03 22:01:28 - [MESSAGE][PASSED] - Object: 'Object Repository/HeliumEdgeLogin/LoginButton' is clicked on

2018-12-03 22:01:28 - [TEST_STEP][PASSED] - delay(6): Delayed 6 second(s)

2018-12-03 22:01:34 - [MESSAGE][PASSED] - Delayed 6 second(s)

2018-12-03 22:01:34 - [TEST_STEP][PASSED] - try: null

2018-12-03 22:01:34 - [TEST_STEP][PASSED] - ValidationMessage = getText(findTestObject("Object Repository/HeliumEdgeLoginValidation/LoginFailed")): Text of object 'Object Repository/HeliumEdgeLoginValidation/LoginFailed' is: 'Login Failed! Please check email and password'

2018-12-03 22:01:34 - [MESSAGE][PASSED] - Text of object 'Object Repository/HeliumEdgeLoginValidation/LoginFailed' is: 'Login Failed! Please check email and password'

2018-12-03 22:01:34 - [TEST_STEP][PASSED] - println(ValidationMessage): null

2018-12-03 22:01:34 - [TEST_STEP][PASSED] - Username = getStringCellValue().trim(): null

2018-12-03 22:01:34 - [TEST_STEP][PASSED] - setText(findTestObject("Object Repository/HeliumEdgeLogin/Email"), Username): Text 'emailidinvalid@gmail.com' is set on object 'Object Repository/HeliumEdgeLogin/Email'

2018-12-03 22:01:35 - [MESSAGE][PASSED] - Text 'emailidinvalid@gmail.com' is set on object 'Object Repository/HeliumEdgeLogin/Email'

2018-12-03 22:01:35 - [TEST_STEP][PASSED] - delay(3): Delayed 3 second(s)

2018-12-03 22:01:38 - [MESSAGE][PASSED] - Delayed 3 second(s)

2018-12-03 22:01:38 - [TEST_STEP][PASSED] - Password = getCell(1).getStringCellValue(): null

2018-12-03 22:01:38 - [TEST_STEP][PASSED] - setText(findTestObject("Object Repository/HeliumEdgeLogin/Password"), Password): Text 'bharatpatel' is set on object 'Object Repository/HeliumEdgeLogin/Password'

2018-12-03 22:01:38 - [MESSAGE][PASSED] - Text 'bharatpatel' is set on object 'Object Repository/HeliumEdgeLogin/Password'

2018-12-03 22:01:38 - [TEST_STEP][PASSED] - delay(3): Delayed 3 second(s)

2018-12-03 22:01:41 - [MESSAGE][PASSED] - Delayed 3 second(s)

2018-12-03 22:01:41 - [TEST_STEP][PASSED] - click(findTestObject("Object Repository/HeliumEdgeLogin/LoginButton")): Object: 'Object Repository/HeliumEdgeLogin/LoginButton' is clicked on

2018-12-03 22:01:41 - [MESSAGE][PASSED] - Object: 'Object Repository/HeliumEdgeLogin/LoginButton' is clicked on

2018-12-03 22:01:41 - [TEST_STEP][PASSED] - delay(6): Delayed 6 second(s)

2018-12-03 22:01:47 - [MESSAGE][PASSED] - Delayed 6 second(s)

2018-12-03 22:01:47 - [TEST_STEP][PASSED] - try: null

2018-12-03 22:01:47 - [TEST_STEP][PASSED] - ValidationMessage = getText(findTestObject("Object Repository/HeliumEdgeLoginValidation/LoginFailed")): Text of object 'Object Repository/HeliumEdgeLoginValidation/LoginFailed' is: 'Login Failed! Please check email and password'

2018-12-03 22:01:47 - [MESSAGE][PASSED] - Text of object 'Object Repository/HeliumEdgeLoginValidation/LoginFailed' is: 'Login Failed! Please check email and password'

2018-12-03 22:01:47 - [TEST_STEP][PASSED] - println(ValidationMessage): null

2018-12-03 22:01:47 - [TEST_STEP][PASSED] - Username = getStringCellValue().trim(): null

2018-12-03 22:01:47 - [TEST_STEP][PASSED] - setText(findTestObject("Object Repository/HeliumEdgeLogin/Email"), Username): Text 'bharatpatel@heliumedge.com' is set on object 'Object Repository/HeliumEdgeLogin/Email'

2018-12-03 22:01:48 - [MESSAGE][PASSED] - Text 'bharatpatel@heliumedge.com' is set on object 'Object Repository/HeliumEdgeLogin/Email'

2018-12-03 22:01:48 - [TEST_STEP][PASSED] - delay(3): Delayed 3 second(s)

2018-12-03 22:01:51 - [MESSAGE][PASSED] - Delayed 3 second(s)

2018-12-03 22:01:51 - [TEST_STEP][PASSED] - Password = getCell(1).getStringCellValue(): null

2018-12-03 22:01:51 - [TEST_STEP][PASSED] - setText(findTestObject("Object Repository/HeliumEdgeLogin/Password"), Password): Text 'bharatpatel' is set on object 'Object Repository/HeliumEdgeLogin/Password'

2018-12-03 22:01:51 - [MESSAGE][PASSED] - Text 'bharatpatel' is set on object 'Object Repository/HeliumEdgeLogin/Password'

2018-12-03 22:01:51 - [TEST_STEP][PASSED] - delay(3): Delayed 3 second(s)

2018-12-03 22:01:54 - [MESSAGE][PASSED] - Delayed 3 second(s)

2018-12-03 22:01:54 - [TEST_STEP][PASSED] - click(findTestObject("Object Repository/HeliumEdgeLogin/LoginButton")): Object: 'Object Repository/HeliumEdgeLogin/LoginButton' is clicked on

2018-12-03 22:01:55 - [MESSAGE][PASSED] - Object: 'Object Repository/HeliumEdgeLogin/LoginButton' is clicked on

2018-12-03 22:01:55 - [TEST_STEP][PASSED] - delay(6): Delayed 6 second(s)

2018-12-03 22:02:01 - [MESSAGE][PASSED] - Delayed 6 second(s)

2018-12-03 22:02:01 - [TEST_STEP][FAILED] - try: Unable to get text of object 'Object Repository/HeliumEdgeLoginValidation/LoginFailed' (Root cause: com.kms.katalon.core.webui.exception.WebElementNotFoundException: Web element with id: 'Object Repository/HeliumEdgeLoginValidation/LoginFailed' located by 'By.xpath: //*[(text() = 'Login Failed! Please check email and password' or . = 'Login Failed! Please check email and password')]' not found)

2018-12-03 22:02:01 - [TEST_STEP][FAILED] - ValidationMessage = getText(findTestObject("Object Repository/HeliumEdgeLoginValidation/LoginFailed")): Unable to get text of object 'Object Repository/HeliumEdgeLoginValidation/LoginFailed' (Root cause: com.kms.katalon.core.webui.exception.WebElementNotFoundException: Web element with id: 'Object Repository/HeliumEdgeLoginValidation/LoginFailed' located by 'By.xpath: //*[(text() = 'Login Failed! Please check email and password' or . = 'Login Failed! Please check email and password')]' not found)

2018-12-03 22:02:33 - [MESSAGE][INFO] - Unable to find the element located by 'By.xpath: //*[(text() = 'Login Failed! Please check email and password' or . = 'Login Failed! Please check email and password')]'. Please recheck the objects properties to make sure the desired element is located. 

2018-12-03 22:02:33 - [MESSAGE][FAILED] - Unable to get text of object 'Object Repository/HeliumEdgeLoginValidation/LoginFailed' (Root cause: com.kms.katalon.core.webui.exception.WebElementNotFoundException: Web element with id: 'Object Repository/HeliumEdgeLoginValidation/LoginFailed' located by 'By.xpath: //*[(text() = 'Login Failed! Please check email and password' or . = 'Login Failed! Please check email and password')]' not found)
[[ATTACHMENT|C:\\Users\\admin\\Katalon Studio\\HeliumAutomationProject\\Reports\\HE_LoginSuite\\20181203_215942\\1543854753022.png]]

2018-12-03 22:02:33 - [TEST_STEP][FAILED] - catch (Exception e): for ([row = 1, row <= Rowcount, (row++)]) FAILED.
Reason:
com.kms.katalon.core.exception.StepFailedException: Unable to click on object 'Object Repository/HeliumEdgeLogout/LogoutButton' (Root cause: com.kms.katalon.core.webui.exception.WebElementNotFoundException: Web element with id: 'Object Repository/HeliumEdgeLogout/LogoutButton' located by 'By.xpath: //div[@id='cdk-overlay-0']/div/div/button' not found)
	at com.kms.katalon.core.keyword.internal.KeywordMain.stepFailed(KeywordMain.groovy:36)
	at com.kms.katalon.core.webui.keyword.internal.WebUIKeywordMain.stepFailed(WebUIKeywordMain.groovy:65)
	at com.kms.katalon.core.webui.keyword.internal.WebUIKeywordMain.runKeyword(WebUIKeywordMain.groovy:27)
	at com.kms.katalon.core.webui.keyword.builtin.ClickKeyword.click(ClickKeyword.groovy:86)
	at com.kms.katalon.core.webui.keyword.builtin.ClickKeyword.execute(ClickKeyword.groovy:67)
	at com.kms.katalon.core.keyword.internal.KeywordExecutor.executeKeywordForPlatform(KeywordExecutor.groovy:53)
	at com.kms.katalon.core.webui.keyword.WebUiBuiltInKeywords.click(WebUiBuiltInKeywords.groovy:616)
	at com.kms.katalon.core.webui.keyword.WebUiBuiltInKeywords$click$4.call(Unknown Source)
	at HEL_002.run(HEL_002:69)
	at com.kms.katalon.core.main.ScriptEngine.run(ScriptEngine.java:194)
	at com.kms.katalon.core.main.ScriptEngine.runScriptAsRawText(ScriptEngine.java:119)
	at com.kms.katalon.core.main.TestCaseExecutor.runScript(TestCaseExecutor.java:321)
	at com.kms.katalon.core.main.TestCaseExecutor.doExecute(TestCaseExecutor.java:312)
	at com.kms.katalon.core.main.TestCaseExecutor.processExecutionPhase(TestCaseExecutor.java:291)
	at com.kms.katalon.core.main.TestCaseExecutor.accessMainPhase(TestCaseExecutor.java:283)
	at com.kms.katalon.core.main.TestCaseExecutor.execute(TestCaseExecutor.java:222)
	at com.kms.katalon.core.main.TestSuiteExecutor.accessTestCaseMainPhase(TestSuiteExecutor.java:129)
	at com.kms.katalon.core.main.TestSuiteExecutor.accessTestSuiteMainPhase(TestSuiteExecutor.java:112)
	at com.kms.katalon.core.main.TestSuiteExecutor.execute(TestSuiteExecutor.java:81)
	at com.kms.katalon.core.main.TestCaseMain.startTestSuite(TestCaseMain.java:149)
	at com.kms.katalon.core.main.TestCaseMain$startTestSuite$0.call(Unknown Source)
	at TempTestSuite1543854582686.run(TempTestSuite1543854582686.groovy:36)


2018-12-03 22:02:33 - [TEST_STEP][PASSED] - takeScreenshot(): Taking screenshot successfully

2018-12-03 22:02:34 - [MESSAGE][PASSED] - Taking screenshot successfully
[[ATTACHMENT|C:\\Users\\admin\\Katalon Studio\\HeliumAutomationProject\\Reports\\HE_LoginSuite\\20181203_215942\\1543854753578.png]]

2018-12-03 22:02:34 - [TEST_STEP][PASSED] - click(findTestObject("HeliumEdgeLogout/Userclick")): Object: 'Object Repository/HeliumEdgeLogout/Userclick' is clicked on

2018-12-03 22:02:34 - [MESSAGE][PASSED] - Object: 'Object Repository/HeliumEdgeLogout/Userclick' is clicked on

2018-12-03 22:02:34 - [TEST_STEP][PASSED] - delay(4): Delayed 4 second(s)

2018-12-03 22:02:38 - [MESSAGE][PASSED] - Delayed 4 second(s)

2018-12-03 22:02:38 - [TEST_STEP][FAILED] - click(findTestObject("HeliumEdgeLogout/LogoutButton")): for ([row = 1, row <= Rowcount, (row++)]) FAILED.
Reason:
com.kms.katalon.core.exception.StepFailedException: Unable to click on object 'Object Repository/HeliumEdgeLogout/LogoutButton' (Root cause: com.kms.katalon.core.webui.exception.WebElementNotFoundException: Web element with id: 'Object Repository/HeliumEdgeLogout/LogoutButton' located by 'By.xpath: //div[@id='cdk-overlay-0']/div/div/button' not found)
	at com.kms.katalon.core.keyword.internal.KeywordMain.stepFailed(KeywordMain.groovy:36)
	at com.kms.katalon.core.webui.keyword.internal.WebUIKeywordMain.stepFailed(WebUIKeywordMain.groovy:65)
	at com.kms.katalon.core.webui.keyword.internal.WebUIKeywordMain.runKeyword(WebUIKeywordMain.groovy:27)
	at com.kms.katalon.core.webui.keyword.builtin.ClickKeyword.click(ClickKeyword.groovy:86)
	at com.kms.katalon.core.webui.keyword.builtin.ClickKeyword.execute(ClickKeyword.groovy:67)
	at com.kms.katalon.core.keyword.internal.KeywordExecutor.executeKeywordForPlatform(KeywordExecutor.groovy:53)
	at com.kms.katalon.core.webui.keyword.WebUiBuiltInKeywords.click(WebUiBuiltInKeywords.groovy:616)
	at com.kms.katalon.core.webui.keyword.WebUiBuiltInKeywords$click$4.call(Unknown Source)
	at HEL_002.run(HEL_002:69)
	at com.kms.katalon.core.main.ScriptEngine.run(ScriptEngine.java:194)
	at com.kms.katalon.core.main.ScriptEngine.runScriptAsRawText(ScriptEngine.java:119)
	at com.kms.katalon.core.main.TestCaseExecutor.runScript(TestCaseExecutor.java:321)
	at com.kms.katalon.core.main.TestCaseExecutor.doExecute(TestCaseExecutor.java:312)
	at com.kms.katalon.core.main.TestCaseExecutor.processExecutionPhase(TestCaseExecutor.java:291)
	at com.kms.katalon.core.main.TestCaseExecutor.accessMainPhase(TestCaseExecutor.java:283)
	at com.kms.katalon.core.main.TestCaseExecutor.execute(TestCaseExecutor.java:222)
	at com.kms.katalon.core.main.TestSuiteExecutor.accessTestCaseMainPhase(TestSuiteExecutor.java:129)
	at com.kms.katalon.core.main.TestSuiteExecutor.accessTestSuiteMainPhase(TestSuiteExecutor.java:112)
	at com.kms.katalon.core.main.TestSuiteExecutor.execute(TestSuiteExecutor.java:81)
	at com.kms.katalon.core.main.TestCaseMain.startTestSuite(TestCaseMain.java:149)
	at com.kms.katalon.core.main.TestCaseMain$startTestSuite$0.call(Unknown Source)
	at TempTestSuite1543854582686.run(TempTestSuite1543854582686.groovy:36)


2018-12-03 22:03:11 - [MESSAGE][INFO] - Unable to find the element located by 'By.xpath: //div[@id='cdk-overlay-0']/div/div/button'. Please recheck the objects properties to make sure the desired element is located. 

2018-12-03 22:03:11 - [MESSAGE][FAILED] - Unable to click on object 'Object Repository/HeliumEdgeLogout/LogoutButton' (Root cause: com.kms.katalon.core.webui.exception.WebElementNotFoundException: Web element with id: 'Object Repository/HeliumEdgeLogout/LogoutButton' located by 'By.xpath: //div[@id='cdk-overlay-0']/div/div/button' not found)
[[ATTACHMENT|C:\\Users\\admin\\Katalon Studio\\HeliumAutomationProject\\Reports\\HE_LoginSuite\\20181203_215942\\1543854791269.png]]

2018-12-03 22:03:11 - [MESSAGE][FAILED] - for ([row = 1, row <= Rowcount, (row++)]) FAILED.
Reason:
com.kms.katalon.core.exception.StepFailedException: Unable to click on object 'Object Repository/HeliumEdgeLogout/LogoutButton' (Root cause: com.kms.katalon.core.webui.exception.WebElementNotFoundException: Web element with id: 'Object Repository/HeliumEdgeLogout/LogoutButton' located by 'By.xpath: //div[@id='cdk-overlay-0']/div/div/button' not found)
	at com.kms.katalon.core.keyword.internal.KeywordMain.stepFailed(KeywordMain.groovy:36)
	at com.kms.katalon.core.webui.keyword.internal.WebUIKeywordMain.stepFailed(WebUIKeywordMain.groovy:65)
	at com.kms.katalon.core.webui.keyword.internal.WebUIKeywordMain.runKeyword(WebUIKeywordMain.groovy:27)
	at com.kms.katalon.core.webui.keyword.builtin.ClickKeyword.click(ClickKeyword.groovy:86)
	at com.kms.katalon.core.webui.keyword.builtin.ClickKeyword.execute(ClickKeyword.groovy:67)
	at com.kms.katalon.core.keyword.internal.KeywordExecutor.executeKeywordForPlatform(KeywordExecutor.groovy:53)
	at com.kms.katalon.core.webui.keyword.WebUiBuiltInKeywords.click(WebUiBuiltInKeywords.groovy:616)
	at com.kms.katalon.core.webui.keyword.WebUiBuiltInKeywords$click$4.call(Unknown Source)
	at HEL_002.run(HEL_002:69)
	at com.kms.katalon.core.main.ScriptEngine.run(ScriptEngine.java:194)
	at com.kms.katalon.core.main.ScriptEngine.runScriptAsRawText(ScriptEngine.java:119)
	at com.kms.katalon.core.main.TestCaseExecutor.runScript(TestCaseExecutor.java:321)
	at com.kms.katalon.core.main.TestCaseExecutor.doExecute(TestCaseExecutor.java:312)
	at com.kms.katalon.core.main.TestCaseExecutor.processExecutionPhase(TestCaseExecutor.java:291)
	at com.kms.katalon.core.main.TestCaseExecutor.accessMainPhase(TestCaseExecutor.java:283)
	at com.kms.katalon.core.main.TestCaseExecutor.execute(TestCaseExecutor.java:222)
	at com.kms.katalon.core.main.TestSuiteExecutor.accessTestCaseMainPhase(TestSuiteExecutor.java:129)
	at com.kms.katalon.core.main.TestSuiteExecutor.accessTestSuiteMainPhase(TestSuiteExecutor.java:112)
	at com.kms.katalon.core.main.TestSuiteExecutor.execute(TestSuiteExecutor.java:81)
	at com.kms.katalon.core.main.TestCaseMain.startTestSuite(TestCaseMain.java:149)
	at com.kms.katalon.core.main.TestCaseMain$startTestSuite$0.call(Unknown Source)
	at TempTestSuite1543854582686.run(TempTestSuite1543854582686.groovy:36)]]></system-out>
         <system-err><![CDATA[2018-12-03 22:00:29 - [TEST_CASE][FAILED] - Test Cases/HeliumEdge_Login/HEL_002: Test Cases/HeliumEdge_Login/HEL_002 FAILED.
Reason:
com.kms.katalon.core.exception.StepFailedException: Unable to click on object 'Object Repository/HeliumEdgeLogout/LogoutButton' (Root cause: com.kms.katalon.core.webui.exception.WebElementNotFoundException: Web element with id: 'Object Repository/HeliumEdgeLogout/LogoutButton' located by 'By.xpath: //div[@id='cdk-overlay-0']/div/div/button' not found)
	at com.kms.katalon.core.keyword.internal.KeywordMain.stepFailed(KeywordMain.groovy:36)
	at com.kms.katalon.core.webui.keyword.internal.WebUIKeywordMain.stepFailed(WebUIKeywordMain.groovy:65)
	at com.kms.katalon.core.webui.keyword.internal.WebUIKeywordMain.runKeyword(WebUIKeywordMain.groovy:27)
	at com.kms.katalon.core.webui.keyword.builtin.ClickKeyword.click(ClickKeyword.groovy:86)
	at com.kms.katalon.core.webui.keyword.builtin.ClickKeyword.execute(ClickKeyword.groovy:67)
	at com.kms.katalon.core.keyword.internal.KeywordExecutor.executeKeywordForPlatform(KeywordExecutor.groovy:53)
	at com.kms.katalon.core.webui.keyword.WebUiBuiltInKeywords.click(WebUiBuiltInKeywords.groovy:616)
	at com.kms.katalon.core.webui.keyword.WebUiBuiltInKeywords$click$4.call(Unknown Source)
	at HEL_002.run(HEL_002:69)
	at com.kms.katalon.core.main.ScriptEngine.run(ScriptEngine.java:194)
	at com.kms.katalon.core.main.ScriptEngine.runScriptAsRawText(ScriptEngine.java:119)
	at com.kms.katalon.core.main.TestCaseExecutor.runScript(TestCaseExecutor.java:321)
	at com.kms.katalon.core.main.TestCaseExecutor.doExecute(TestCaseExecutor.java:312)
	at com.kms.katalon.core.main.TestCaseExecutor.processExecutionPhase(TestCaseExecutor.java:291)
	at com.kms.katalon.core.main.TestCaseExecutor.accessMainPhase(TestCaseExecutor.java:283)
	at com.kms.katalon.core.main.TestCaseExecutor.execute(TestCaseExecutor.java:222)
	at com.kms.katalon.core.main.TestSuiteExecutor.accessTestCaseMainPhase(TestSuiteExecutor.java:129)
	at com.kms.katalon.core.main.TestSuiteExecutor.accessTestSuiteMainPhase(TestSuiteExecutor.java:112)
	at com.kms.katalon.core.main.TestSuiteExecutor.execute(TestSuiteExecutor.java:81)
	at com.kms.katalon.core.main.TestCaseMain.startTestSuite(TestCaseMain.java:149)
	at com.kms.katalon.core.main.TestCaseMain$startTestSuite$0.call(Unknown Source)
	at TempTestSuite1543854582686.run(TempTestSuite1543854582686.groovy:36)]]></system-err>
      </testcase>
      <system-out><![CDATA[2018-12-03 21:59:49 - [TEST_SUITE][FAILED] - HE_LoginSuite: Test Cases/HeliumEdge_Login/HEL_002 FAILED.
Reason:
com.kms.katalon.core.exception.StepFailedException: Unable to click on object 'Object Repository/HeliumEdgeLogout/LogoutButton' (Root cause: com.kms.katalon.core.webui.exception.WebElementNotFoundException: Web element with id: 'Object Repository/HeliumEdgeLogout/LogoutButton' located by 'By.xpath: //div[@id='cdk-overlay-0']/div/div/button' not found)
	at com.kms.katalon.core.keyword.internal.KeywordMain.stepFailed(KeywordMain.groovy:36)
	at com.kms.katalon.core.webui.keyword.internal.WebUIKeywordMain.stepFailed(WebUIKeywordMain.groovy:65)
	at com.kms.katalon.core.webui.keyword.internal.WebUIKeywordMain.runKeyword(WebUIKeywordMain.groovy:27)
	at com.kms.katalon.core.webui.keyword.builtin.ClickKeyword.click(ClickKeyword.groovy:86)
	at com.kms.katalon.core.webui.keyword.builtin.ClickKeyword.execute(ClickKeyword.groovy:67)
	at com.kms.katalon.core.keyword.internal.KeywordExecutor.executeKeywordForPlatform(KeywordExecutor.groovy:53)
	at com.kms.katalon.core.webui.keyword.WebUiBuiltInKeywords.click(WebUiBuiltInKeywords.groovy:616)
	at com.kms.katalon.core.webui.keyword.WebUiBuiltInKeywords$click$4.call(Unknown Source)
	at HEL_002.run(HEL_002:69)
	at com.kms.katalon.core.main.ScriptEngine.run(ScriptEngine.java:194)
	at com.kms.katalon.core.main.ScriptEngine.runScriptAsRawText(ScriptEngine.java:119)
	at com.kms.katalon.core.main.TestCaseExecutor.runScript(TestCaseExecutor.java:321)
	at com.kms.katalon.core.main.TestCaseExecutor.doExecute(TestCaseExecutor.java:312)
	at com.kms.katalon.core.main.TestCaseExecutor.processExecutionPhase(TestCaseExecutor.java:291)
	at com.kms.katalon.core.main.TestCaseExecutor.accessMainPhase(TestCaseExecutor.java:283)
	at com.kms.katalon.core.main.TestCaseExecutor.execute(TestCaseExecutor.java:222)
	at com.kms.katalon.core.main.TestSuiteExecutor.accessTestCaseMainPhase(TestSuiteExecutor.java:129)
	at com.kms.katalon.core.main.TestSuiteExecutor.accessTestSuiteMainPhase(TestSuiteExecutor.java:112)
	at com.kms.katalon.core.main.TestSuiteExecutor.execute(TestSuiteExecutor.java:81)
	at com.kms.katalon.core.main.TestCaseMain.startTestSuite(TestCaseMain.java:149)
	at com.kms.katalon.core.main.TestCaseMain$startTestSuite$0.call(Unknown Source)
	at TempTestSuite1543854582686.run(TempTestSuite1543854582686.groovy:36)]]></system-out>
      <system-err><![CDATA[2018-12-03 21:59:49 - [TEST_SUITE][FAILED] - HE_LoginSuite: Test Cases/HeliumEdge_Login/HEL_002 FAILED.
Reason:
com.kms.katalon.core.exception.StepFailedException: Unable to click on object 'Object Repository/HeliumEdgeLogout/LogoutButton' (Root cause: com.kms.katalon.core.webui.exception.WebElementNotFoundException: Web element with id: 'Object Repository/HeliumEdgeLogout/LogoutButton' located by 'By.xpath: //div[@id='cdk-overlay-0']/div/div/button' not found)
	at com.kms.katalon.core.keyword.internal.KeywordMain.stepFailed(KeywordMain.groovy:36)
	at com.kms.katalon.core.webui.keyword.internal.WebUIKeywordMain.stepFailed(WebUIKeywordMain.groovy:65)
	at com.kms.katalon.core.webui.keyword.internal.WebUIKeywordMain.runKeyword(WebUIKeywordMain.groovy:27)
	at com.kms.katalon.core.webui.keyword.builtin.ClickKeyword.click(ClickKeyword.groovy:86)
	at com.kms.katalon.core.webui.keyword.builtin.ClickKeyword.execute(ClickKeyword.groovy:67)
	at com.kms.katalon.core.keyword.internal.KeywordExecutor.executeKeywordForPlatform(KeywordExecutor.groovy:53)
	at com.kms.katalon.core.webui.keyword.WebUiBuiltInKeywords.click(WebUiBuiltInKeywords.groovy:616)
	at com.kms.katalon.core.webui.keyword.WebUiBuiltInKeywords$click$4.call(Unknown Source)
	at HEL_002.run(HEL_002:69)
	at com.kms.katalon.core.main.ScriptEngine.run(ScriptEngine.java:194)
	at com.kms.katalon.core.main.ScriptEngine.runScriptAsRawText(ScriptEngine.java:119)
	at com.kms.katalon.core.main.TestCaseExecutor.runScript(TestCaseExecutor.java:321)
	at com.kms.katalon.core.main.TestCaseExecutor.doExecute(TestCaseExecutor.java:312)
	at com.kms.katalon.core.main.TestCaseExecutor.processExecutionPhase(TestCaseExecutor.java:291)
	at com.kms.katalon.core.main.TestCaseExecutor.accessMainPhase(TestCaseExecutor.java:283)
	at com.kms.katalon.core.main.TestCaseExecutor.execute(TestCaseExecutor.java:222)
	at com.kms.katalon.core.main.TestSuiteExecutor.accessTestCaseMainPhase(TestSuiteExecutor.java:129)
	at com.kms.katalon.core.main.TestSuiteExecutor.accessTestSuiteMainPhase(TestSuiteExecutor.java:112)
	at com.kms.katalon.core.main.TestSuiteExecutor.execute(TestSuiteExecutor.java:81)
	at com.kms.katalon.core.main.TestCaseMain.startTestSuite(TestCaseMain.java:149)
	at com.kms.katalon.core.main.TestCaseMain$startTestSuite$0.call(Unknown Source)
	at TempTestSuite1543854582686.run(TempTestSuite1543854582686.groovy:36)]]></system-err>
   </testsuite>
</testsuites>
